<?xml version="1.0" encoding="UTF-8"?>
<!-- Generated by org.testng.reporters.JUnitReportReporter -->
<testsuite hostname="Elma" failures="0" tests="12" name="placelab.tests.LoginPageTest" time="21.653" errors="0" timestamp="2022-03-31T13:58:12 CEST" skipped="0">
  <testcase classname="placelab.tests.LoginPageTest" name="LoginInvalidCredentialsInvalidPassword" time="1.018"/>
  <system-out/>
  <testcase classname="placelab.tests.LoginPageTest" name="LoginInvalidCredentialsInvalidPassword" time="1.117"/>
  <system-out/>
  <testcase classname="placelab.tests.LoginPageTest" name="LoginInvalidCredentialsInvalidEmail" time="1.225"/>
  <system-out/>
  <testcase classname="placelab.tests.LoginPageTest" name="LoginInvalidCredentialsInvalidEmail" time="0.899"/>
  <system-out/>
  <testcase classname="placelab.tests.LoginPageTest" name="LoginInvalidCredentialsEmptyPassword" time="0.912"/>
  <system-out/>
  <testcase classname="placelab.tests.LoginPageTest" name="LoginInvalidCredentialsEmptyPassword" time="1.278"/>
  <system-out/>
  <testcase classname="placelab.tests.LoginPageTest" name="LoginInvalidCredentialsEmptyEmail" time="0.972"/>
  <system-out/>
  <testcase classname="placelab.tests.LoginPageTest" name="LoginInvalidCredentialsEmptyEmail" time="0.750"/>
  <system-out/>
  <testcase classname="placelab.tests.LoginPageTest" name="LoginLogout" time="7.059"/>
  <system-out/>
  <testcase classname="placelab.tests.LoginPageTest" name="LoginLogout" time="5.326"/>
  <system-out/>
  <testcase classname="placelab.tests.LoginPageTest" name="LoginForgotYourPassword" time="0.571"/>
  <system-out/>
  <testcase classname="placelab.tests.LoginPageTest" name="LoginForgotYourPassword" time="0.526"/>
  <system-out/>
</testsuite> <!-- placelab.tests.LoginPageTest -->
